[2021-12-27 21:51:55.947] [exthost] [info] Extension host with pid 94399 started
[2021-12-27 21:51:55.947] [exthost] [info] Skipping acquiring lock for /home/mauros/Documentos/docker-projects/postgres/~/root/User/workspaceStorage/d1af16d753348796609e0b072bf230a9.
[2021-12-27 21:51:56.149] [exthost] [info] ExtensionService#_doActivateExtension vscode.microsoft-authentication, startup: false, activationEvent: 'onAuthenticationRequest:microsoft'
[2021-12-27 21:51:56.252] [exthost] [info] ExtensionService#_doActivateExtension vscode.debug-auto-launch, startup: true, activationEvent: '*'
[2021-12-27 21:51:56.260] [exthost] [info] ExtensionService#_doActivateExtension vscode.git-base, startup: true, activationEvent: '*', root cause: vscode.github
[2021-12-27 21:51:56.269] [exthost] [info] ExtensionService#_doActivateExtension naumovs.color-highlight, startup: true, activationEvent: '*'
[2021-12-27 21:51:56.289] [exthost] [info] ExtensionService#_doActivateExtension vscode-icons-team.vscode-icons, startup: true, activationEvent: '*'
[2021-12-27 21:51:56.963] [exthost] [info] ExtensionService#_doActivateExtension vscode.github-authentication, startup: false, activationEvent: 'onAuthenticationRequest:github'
[2021-12-27 21:51:58.355] [exthost] [info] ExtensionService#_doActivateExtension vscode.git, startup: false, activationEvent: '*'
[2021-12-27 21:51:58.496] [exthost] [info] ExtensionService#_doActivateExtension chenxsan.vscode-standardjs, startup: false, activationEvent: '*'
[2021-12-27 21:51:58.537] [exthost] [info] ExtensionService#_doActivateExtension ritwickdey.LiveServer, startup: false, activationEvent: '*'
[2021-12-27 21:51:58.975] [exthost] [info] ExtensionService#_doActivateExtension Zignd.html-css-class-completion, startup: false, activationEvent: '*'
[2021-12-27 21:51:59.469] [exthost] [info] ExtensionService#_doActivateExtension p1c2u.docker-compose, startup: false, activationEvent: 'workspaceContains:**/docker-compose.yml'
[2021-12-27 21:52:06.082] [exthost] [info] ExtensionService#_doActivateExtension vscode.emmet, startup: false, activationEvent: 'onStartupFinished'
[2021-12-27 21:52:06.103] [exthost] [info] ExtensionService#_doActivateExtension vscode.merge-conflict, startup: false, activationEvent: 'onStartupFinished'
[2021-12-27 21:52:06.108] [exthost] [info] ExtensionService#_doActivateExtension esbenp.prettier-vscode, startup: false, activationEvent: 'onStartupFinished'
[2021-12-27 21:52:06.835] [exthost] [info] ExtensionService#_doActivateExtension ms-vscode-remote.remote-containers, startup: false, activationEvent: 'onStartupFinished'
[2021-12-27 21:52:06.982] [exthost] [info] ExtensionService#_doActivateExtension PKief.material-icon-theme, startup: false, activationEvent: 'onStartupFinished'
[2021-12-27 21:54:12.827] [exthost] [info] ExtensionService#_doActivateExtension vscode.extension-editing, startup: false, activationEvent: 'onLanguage:markdown'
[2021-12-27 21:54:12.861] [exthost] [info] ExtensionService#_doActivateExtension vscode.markdown-language-features, startup: false, activationEvent: 'onLanguage:markdown'
[2021-12-27 21:54:13.641] [exthost] [info] ExtensionService#_doActivateExtension vscode.markdown-math, startup: false, activationEvent: 'api', root cause: vscode.markdown-language-features
[2021-12-27 21:56:22.075] [exthost] [warning] [Decorations] CAPPING events from decorations provider vscode.git 1848
[2021-12-27 21:57:45.802] [exthost] [warning] [Decorations] CAPPING events from decorations provider vscode.git 1848
